
> my-app@0.1.0 dev
> next dev

   ▲ Next.js 16.0.7 (Turbopack)
   - Local:         http://localhost:3000
   - Network:       http://192.168.0.2:3000

 ✓ Starting...
 ✓ Ready in 2.3s
 ○ Compiling /blog ...
Error fetching posts: {
  message: 'TypeError: fetch failed',
  details: 'TypeError: fetch failed\n' +
    '\n' +
    'Caused by: Error: getaddrinfo ENOTFOUND dummy.supabase.co (ENOTFOUND)\n' +
    'Error: getaddrinfo ENOTFOUND dummy.supabase.co\n' +
    '    at GetAddrInfoReqWrap.onlookupall [as oncomplete] (node:dns:122:26)\n' +
    '    at GetAddrInfoReqWrap.callbackTrampoline (node:internal/async_hooks:130:17)',
  hint: '',
  code: ''
}
 GET /blog 200 in 6.3s (compile: 5.7s, proxy.ts: 19ms, render: 568ms)
[?25h
